<?xml version="1.0" encoding="UTF-8"?>
<!-- Generated by org.testng.reporters.JUnitReportReporter -->
<testsuite skipped="0" hostname="Naveen-Mac.local" name="com.qa.gorest.tests.CreateUserAPITest" tests="6" failures="0" timestamp="30 Aug 2019 03:12:52 GMT" time="343.844" errors="0">
  <testcase name="createUserAPIPOSTTest" time="64.334" classname="com.qa.gorest.tests.CreateUserAPITest"/>
  <testcase name="createUserAPIPOSTTest" time="49.344" classname="com.qa.gorest.tests.CreateUserAPITest"/>
  <testcase name="createUserAPIPOSTTest" time="69.349" classname="com.qa.gorest.tests.CreateUserAPITest"/>
  <testcase name="createUserAPIPOSTTest" time="47.133" classname="com.qa.gorest.tests.CreateUserAPITest"/>
  <testcase name="createUserAPIPOSTTest" time="54.341" classname="com.qa.gorest.tests.CreateUserAPITest"/>
  <testcase name="createUserAPIPOSTTest" time="59.343" classname="com.qa.gorest.tests.CreateUserAPITest"/>
</testsuite> <!-- com.qa.gorest.tests.CreateUserAPITest -->
