<?xml version="1.0" encoding="UTF-8"?>
<!-- Generated by org.testng.reporters.JUnitReportReporter -->
<testsuite skipped="0" hostname="Naveen-Mac.local" name="com.qa.gorest.tests.DeleteUserAPITest" tests="1" failures="0" timestamp="18 Sep 2019 02:47:53 GMT" time="85.842" errors="0">
  <testcase name="deleteUserTest" time="85.842" classname="com.qa.gorest.tests.DeleteUserAPITest"/>
</testsuite> <!-- com.qa.gorest.tests.DeleteUserAPITest -->
