<?xml version="1.0" encoding="UTF-8"?>
<!-- Generated by org.testng.reporters.JUnitReportReporter -->
<testsuite skipped="0" hostname="Naveen-Mac.local" name="com.qa.gorest.tests.CreateUserAPITest" tests="6" failures="0" timestamp="18 Sep 2019 02:47:43 GMT" time="345.051" errors="0">
  <testcase name="createUserAPIPOSTTest" time="54.068" classname="com.qa.gorest.tests.CreateUserAPITest"/>
  <testcase name="createUserAPIPOSTTest" time="64.055" classname="com.qa.gorest.tests.CreateUserAPITest"/>
  <testcase name="createUserAPIPOSTTest" time="49.274" classname="com.qa.gorest.tests.CreateUserAPITest"/>
  <testcase name="createUserAPIPOSTTest" time="69.327" classname="com.qa.gorest.tests.CreateUserAPITest"/>
  <testcase name="createUserAPIPOSTTest" time="59.052" classname="com.qa.gorest.tests.CreateUserAPITest"/>
  <testcase name="createUserAPIPOSTTest" time="49.275" classname="com.qa.gorest.tests.CreateUserAPITest"/>
</testsuite> <!-- com.qa.gorest.tests.CreateUserAPITest -->
