<?xml version="1.0" encoding="UTF-8"?>
<!-- Generated by org.testng.reporters.JUnitReportReporter -->
<testsuite skipped="0" hostname="Naveen-Mac.local" name="com.qa.gorest.tests.GetUserAPITest" tests="1" failures="0" timestamp="30 Aug 2019 03:12:57 GMT" time="85.556" errors="0">
  <testcase name="getUserListAPITest" time="85.556" classname="com.qa.gorest.tests.GetUserAPITest"/>
</testsuite> <!-- com.qa.gorest.tests.GetUserAPITest -->
