<?xml version="1.0" encoding="UTF-8"?>
<!-- Generated by org.testng.reporters.JUnitReportReporter -->
<testsuite skipped="0" hostname="Naveen-Mac.local" name="com.qa.gorest.tests.UpdateUserAPITest" tests="2" failures="0" timestamp="18 Sep 2019 02:47:48 GMT" time="20.065" errors="0">
  <testcase name="createUserAPIPUTTest_WithConstructor" time="10.078" classname="com.qa.gorest.tests.UpdateUserAPITest"/>
  <testcase name="createUserAPIPUTTest_WithSetter" time="9.987" classname="com.qa.gorest.tests.UpdateUserAPITest"/>
</testsuite> <!-- com.qa.gorest.tests.UpdateUserAPITest -->
