<?xml version="1.0" encoding="UTF-8"?>
<!-- Generated by org.testng.reporters.JUnitReportReporter -->
<testsuite skipped="0" hostname="Naveen-Mac.local" name="com.qa.gorest.tests.DeleteUserAPITest" tests="1" failures="0" timestamp="30 Aug 2019 03:13:07 GMT" time="76.538" errors="0">
  <testcase name="deleteUserTest" time="76.538" classname="com.qa.gorest.tests.DeleteUserAPITest"/>
</testsuite> <!-- com.qa.gorest.tests.DeleteUserAPITest -->
