<?xml version="1.0" encoding="UTF-8"?>
<!-- Generated by org.testng.reporters.JUnitReportReporter -->
<testsuite skipped="0" hostname="Naveen-Mac.local" name="com.qa.gorest.tests.GetUserAPITest" tests="1" failures="0" timestamp="16 Sep 2019 01:59:20 GMT" time="76.095" errors="0">
  <testcase name="getUserListAPITest" time="76.095" classname="com.qa.gorest.tests.GetUserAPITest"/>
</testsuite> <!-- com.qa.gorest.tests.GetUserAPITest -->
