<?xml version="1.0" encoding="UTF-8"?>
<!-- Generated by org.testng.reporters.JUnitReportReporter -->
<testsuite skipped="0" hostname="Naveen-Mac.local" name="com.qa.gorest.tests.CreateUserAPITest" tests="6" failures="0" timestamp="18 Sep 2019 02:51:45 GMT" time="341.436" errors="0">
  <testcase name="createUserAPIPOSTTest" time="53.767" classname="com.qa.gorest.tests.CreateUserAPITest"/>
  <testcase name="createUserAPIPOSTTest" time="48.799" classname="com.qa.gorest.tests.CreateUserAPITest"/>
  <testcase name="createUserAPIPOSTTest" time="58.765" classname="com.qa.gorest.tests.CreateUserAPITest"/>
  <testcase name="createUserAPIPOSTTest" time="63.773" classname="com.qa.gorest.tests.CreateUserAPITest"/>
  <testcase name="createUserAPIPOSTTest" time="47.564" classname="com.qa.gorest.tests.CreateUserAPITest"/>
  <testcase name="createUserAPIPOSTTest" time="68.768" classname="com.qa.gorest.tests.CreateUserAPITest"/>
</testsuite> <!-- com.qa.gorest.tests.CreateUserAPITest -->
