<?xml version="1.0" encoding="UTF-8"?>
<!-- Generated by org.testng.reporters.JUnitReportReporter -->
<testsuite skipped="0" hostname="Naveen-Mac.local" name="com.qa.gorest.tests.CreateUserAPITest" tests="6" failures="0" timestamp="16 Sep 2019 01:59:15 GMT" time="343.339" errors="0">
  <testcase name="createUserAPIPOSTTest" time="49.173" classname="com.qa.gorest.tests.CreateUserAPITest"/>
  <testcase name="createUserAPIPOSTTest" time="69.296" classname="com.qa.gorest.tests.CreateUserAPITest"/>
  <testcase name="createUserAPIPOSTTest" time="59.159" classname="com.qa.gorest.tests.CreateUserAPITest"/>
  <testcase name="createUserAPIPOSTTest" time="47.390" classname="com.qa.gorest.tests.CreateUserAPITest"/>
  <testcase name="createUserAPIPOSTTest" time="64.154" classname="com.qa.gorest.tests.CreateUserAPITest"/>
  <testcase name="createUserAPIPOSTTest" time="54.167" classname="com.qa.gorest.tests.CreateUserAPITest"/>
</testsuite> <!-- com.qa.gorest.tests.CreateUserAPITest -->
